<add>
<doc>
<field name="url">http://search.51job.com/list/co,c,2147913,000000,10,1.html</field>
<field name="category">company</field>
<field name="kind">外资（欧美）</field>
<field name="scale">500-1000人</field>
<field name="name">库尔兹上海分公司</field>
<field name="industry">印刷/包装/造纸</field>
<field name="welfare">库尔兹上海分公司        查看招聘中的职位</field>
<field name="description">KURZ Stamping Technology (Hefei) Co., Ltd. Shanghai Branch
库尔兹压烫科技（合肥）有限公司上海分公司
The KURZ group is the international market leader in hot stamping technology. Headquarter is located in Germany. With over 3,500employees in 9 production facilities world-wide and 16 international branch offices, we are producing and distributing high-class products for: application technology, decoration, brand name protection and foil-machining-know-how.
KURZ Group invested to establish KURZ Stamping Technology (Hefei) Co.，Ltd in September, 2001 and set up branch office in Shanghai、Beijing、Shenzhen、Kunming.
KURZ是一家在全球压烫领域处于领先地位的集团公司，总部位于德国。目前在全球设有9家生产基地及16家分公司，拥有员工2，700人。公司主要生产及销售印刷技术、装饰、商标防伪等方面的优质产品。
KURZ于2001年9月在中国全额投资成立了库尔兹压烫科技（合肥）有限公司及上海、北京、深圳、昆明分公司。</field>
</doc>
</add>
<add>
<doc>
<field name="url">http://search.51job.com/list/co,c,3494878,000000,10,1.html</field>
<field name="category">company</field>
<field name="kind">民营公司</field>
<field name="scale">50-150人</field>
<field name="name">巨贝互联网金融信息服务（上海）有限公司</field>
<field name="industry">金融/投资/证券</field>
<field name="welfare">巨贝互联网金融信息服务（上海）有限公司        查看招聘中的职位</field>
<field name="description">巨贝金融，专注规范的互联网金融。
巨贝金融，专注于为个人及企业提供个性化的金融咨询，理财，金融投资，金融顾问等服务。
巨贝金融，更专业的态度，更规范的操作流程，专注于每一笔财富的走向，更专注于每一位客户的成长。
我们的服务赢得了众多客户的信赖，也正是这样的信赖，让我们不断成长。
安全、规范、透明、高效的巨贝金融诚邀您的加入，一起去创造更多可能。</field>
</doc>
</add>
<add>
<doc>
<field name="url">http://search.51job.com/list/co,c,2216543,000000,10,1.html</field>
<field name="category">company</field>
<field name="kind">外资（欧美）</field>
<field name="scale">150-500人</field>
<field name="name">卡骆弛（中国）/Crocs China</field>
<field name="industry">批发/零售  服装/纺织/皮革</field>
<field name="welfare">卡骆弛（中国）/Crocs China        查看招聘中的职位</field>
<field name="description">Crocs于2002年7月在美国科罗拉多州的波尔德市创立。三个创始者梦想着拥有一双完美的水上专用鞋，于是他们决定开发一系列非常有潜力的水上运动与户外运动为一体的具有独特设计的产品。
卡骆弛贸易（上海）有限公司作为Crocs中国营销中心，于2006年登陆中国。截止至2014年底，目前拥有上海、南京、武汉、北京、沈阳、深圳、广州、厦门、成都、重庆等11个直营城市，40余家直营店铺；同时经销商所有的600多家店铺分布于中国各大中城市。目前Crocs中国区直属员工达300余人。
Crocs旨在为各消费群体提供不只是舒服，而且集颜色、风格、乐趣和时尚为一体的一系列不同款式的鞋子。Crocs的鞋子结合了水上运动、徒步旅行、室外生活时尚和专业运动的综合性，所以受许多消费群体的普遍喜爱。
今后，Crocs将在人才、产品、市场、销售等领域进一步本土化。Crocs将凭借高端时尚新颖的产品开发，通过差别化的价值营销，扩大高端产品附加值产品的销售，跻身全球时尚消费品牌。
Crocs十大特征使它物有所值
特殊Crocslite太空材料有着抗菌防臭的作用
比同类鞋更耐穿而且防滑
意大利+日本时尚设计
知名度很大的美国品牌
质量得到保证的产品
舒适性极佳的产品
有着很多医学功能，例如可以减少腿部负担，增加脚后跟的支撑力量
趣味性极佳的产品，具有个性化卡骆驰的产品
拥有专利发明和款式保护的产品
最后一个原因期待你来告诉我
应征方法：
1.前程无忧直接在线投递；或
2.发送邮件：shanghai.hr@crocs.com；请注明欲工作直营店铺的城市
3.现场投递：请将简历投递至你所应聘的直营店铺
我们诚挚邀请你加入Crocs这个大家庭，公司将会为员工提供各类培训和广阔的职业发展机会。同时Crocs也会为员工提供具有竞争力的薪酬福利。
About Crocs
Crocs Inc. was born in Boulder, Colorado in 2002 as the maker of a simple, comfortable boat shoe. The company was given the name Crocs after the multi-environment, amphibious nature of crocodiles. Today, Crocs footwear is available in more than 90 countries around the world in more than 300 four-season styles for men, women and children. In 2011, the brand celebrated reaching $1 billion in annual sales for the first time. Our mission is, and has always been, to bring profound comfort, fun, color and innovation to the world's feet.
 
Walk in Comfort Wear in Style
All Crocs shoes have Croslite material inside, a proprietary closed-cell resin that gives each pair of shoes its soft, comfortable, lightweight, non-marking and odor-resistant qualities. Crocs wearers can now "Walk in Comfort Wear in Style" with every pair of shoes, from the iconic clog to newer styles, including canvas sneakers, leather boots, heels and sandals.
 
Key Product Line Extensions
Ocean Minded by CrocsTM-a sustainable line of sandals and apparel inspired by and perfect for the beach and warm-weather wearing occasions with a mission to live, protect and respect the environment.
Crocs Golf - a new golf collection designed in partnership with internationally renowned golf trainer, Hank Haney, which features a number of men's and women's styles that can be worn both on and off the course.
Crocs Rx - specialized footwear and accessories designed for individuals with foot problems, including arthritis and diabetes.
Crocs@ WorkTM - designed for professionals who stand for long periods of time, such as, doctors and chefs.
Jibbitz - charms to personalize shoes, pencil cases, kids’ bags and more
Awards & Recognition
American Business Awards Stevie Awards - Marketing Executive of the Year (2012); Management Team of the Year (2012); Turnaround Executive of the Year (2011)
Boulder County Business Report IQ Award (2012)
ColoradoBiz Top Company Award (2012)
Denver Business Journal Power Book (2012)
Denver Business Journal Partners in Philanthropy Award (2011)
Golf Europe Footwear Category Award (2012)
PGA Merchandise Show Best New Product Award (2012)
National Retail Federation Retail Innovator of the Year: Crocs, Inc., President and CEO, John McCarvel (2012)
The classic beach clog was featured in Design Museum's Fifty Shoes that Changed the World book. (2009)
Recruiting Method:
1.submit resume via 51Job directly；or
2.send your resume to：shanghai.hr@crocs.com; please indicate your preferred working city/store; or
3.hand over your resume to our own retail store directly;
We sincerely invited you to join Crocs. Crocs will provide you with different varieties of training as well as wide job opportunities. Moreover, in Crocs, each staff can access to the competitive salary package.</field>
</doc>
</add>
<add>
<doc>
<field name="url">http://search.51job.com/list/co,c,2729710,000000,10,1.html</field>
<field name="category">company</field>
<field name="kind">民营公司</field>
<field name="scale">500-1000人</field>
<field name="name">海南国健高科技乳业有限公司</field>
<field name="industry">快速消费品(食品、饮料、化妆品)  批发/零售</field>
<field name="welfare">海南国健高科技乳业有限公司        查看招聘中的职位</field>
<field name="description">国健（香港）集团有限公司是一家以婴幼儿奶粉、营养品和婴童产业连锁为核心，集研发、生产、零售、商贸为一体的轻资产型集团企业，集团下属公司：
GOLDMAX”（高培）新西兰控股公司
海南国健高科技乳业有限公司
海南国健生物工程有限公司
海南健瑞儿婴童连锁公司
……南京国健、重庆国健、温州国健、武汉国健、合肥国健、江西体验馆等9家公司
及外商独资企业高培（广州）乳业有限公司（工厂）。
集团公司旨在吸纳德才兼备、有较强学习能力、适应能力以及进取心，且工作中能独挡一面，适应企业发展的复合型人才。公司有着广阔的发展平台、优厚的薪酬福利、健全的梯队人才培养体系和优秀的企业文化，期待您亲自去感受！</field>
</doc>
</add>
<add>
<doc>
<field name="url">http://search.51job.com/list/co,c,2517555,000000,10,1.html</field>
<field name="category">company</field>
<field name="kind">民营公司</field>
<field name="scale">500-1000人</field>
<field name="name">河北平安健康集团股份有限公司</field>
<field name="industry">医疗/护理/卫生</field>
<field name="welfare">河北平安健康集团股份有限公司        查看招聘中的职位</field>
<field name="description">河北平安健康集团由石家庄平安医院、唐山市滦南县中医院、青岛新安中医院、河北友爱医院、河北国金药业、河北平安健康家园、石家庄赛尔福物资有限公司等组成，经过二十余年的发展，企业快速成长为集医院经营、健康管理和药品的研发、生产、营销于一体的现代化股份制集团公司。目前，集团正在扩建15层病房楼，5层门诊楼，明年年底竣工。
石家庄平安医院系河北医科大学教学医院、国家中医药管理局“十一五”重点中医专科建设单位、国家中医药管理局“治未病”预防保健试点单位、河北省卫生厅重点中医专科建设单位、省市医保定点单位，拥有一个国家级重点专科和三个省级重点专科；配备有MIR、CT、DSA、DR、彩超、全自动生化分析仪、流式细胞仪等大型诊断设备。经过20余年的不懈努力，现已建设发展成为技术力量雄厚、中医药特色鲜明，集临床、科研、教学为一体的综合性特色专科医院。
河北平安健康家园是集健康体检、营养保健、运动健身、功能恢复、美容美体、健康休闲于一体的大型综合性高档次的“一站式”健康管理机构。
河北国金药业有限责任公司位于河北邢台高新技术开发区,是河北省重点药品生产企业之一，2004年2月通过国家GMP认证，是一个新型的、高科技、环保型、现代化的综合性制药企业。</field>
</doc>
</add>
<add>
<doc>
<field name="url">http://search.51job.com/list/co,c,2550363,000000,10,1.html</field>
<field name="category">company</field>
<field name="kind">外资（欧美）</field>
<field name="scale">1000-5000人</field>
<field name="name">烟台欣和企业食品有限公司</field>
<field name="addcode">264000</field>
<field name="industry">快速消费品(食品、饮料、化妆品)</field>
<field name="welfare">烟台欣和企业食品有限公司        查看招聘中的职位</field>
<field name="address">山东烟台开发区长江路59号蓝天国际大厦7楼</field>
<field name="description">烟台欣和企业食品有限公司
  欣和企业是专业调味品酿造公司，经营宗旨是为客户生产和提供最高品质的产品，满足顾客需求，创造、丰富人们健康快乐的饮食文化生活。
  
  欣和企业经过二十几年的发展，现已成为拥有烟台欣和企业食品有限公司、山东欣和食品工业有限公司、蓬莱欣和食品有限公司、烟台欣和味达美食品有限公司、济南宜和食品有限公司、济南欣昌食品有限公司、济南欣和食品有限公司及济南欣尚食品有限公司等调味品专业生产企业。
  
   欣和企业共有葱伴侣、欣和、味达美、小康、黄飞红等五大品牌，五十多个品种的酱类、酱油类、干调类、蚝油类产品，覆盖至华东、华北大部分省市及地区，并远销美国、新加坡、马来西亚、韩国、日本等多个国家。
 
  “顾客满意”是欣和企业近年来展开各项事业活动的基本准则，现正推行综合品质全面提升计划，努力“成为顾客心目中的第一选择”。企业已通过ISO9001：2000国际质量管理体系、ISO14001：1996环境管理体系、HACCP食品安全管理体系认证，并获得国际通行的RVA认可证书。产品经国家环境保护总局有机食品发展中心（OFDC-CHINA）许可生产有机食品标志，并经中国绿色食品发展中心许可使用“绿色食品”标志。
 
  欣和企业的经营方针：酿造高品质产品，满足顾客需求，持续改进创新。
 
  欣和企业的成就来自于对顾客十年如一日的忠诚呵护、朝气诚恳的创业理念和BENCH MARKING（标杆）价值观。我们的目标是通过精心酿造的产品，建立与顾客长期的信任，服务于社会，成为一个与时代进步息息相关的优秀企业。
 
欣和企业的人才战略：
1、每位员工都是一个SBU；
2、每位员工的价值随着公司发展而不断变化。
3、员工培训与个人发展均以提升公司竞争优势为目标，确保公司人才及其潜能不断发展，追求企业成功与个人发展的双赢。</field>
</doc>
</add>
<add>
<doc>
<field name="url">http://search.51job.com/list/co,c,2690819,000000,10,1.html</field>
<field name="category">company</field>
<field name="kind">民营公司</field>
<field name="scale">150-500人</field>
<field name="name">石家庄龙泽制药有限公司</field>
<field name="industry">制药/生物工程</field>
<field name="welfare">石家庄龙泽制药有限公司        查看招聘中的职位</field>
<field name="address">www.lonzeal.com</field>
<field name="description">石家庄龙泽制药有限公司（龙泽制药）创建于2006年12月。是中国抗艾滋病/抗乙肝药物领域最具竞争的生产厂商之一。
　　以“为生命创造奇迹”为公司使命，龙泽制药专注于医药中间体和原料药的生产和研发。 目前产品系列主要包括抗逆转录病毒类药物及其中间体。目前主要产品年产能力为100吨，恩曲他滨年产能力为20吨。我们还会根据市场需求，不断推出具有竞争力的新产品。
　　“正心修己、专术明道、审势度势”是我们的价值观。我们拥有团结和敬业的专业人才队伍，符合药品规范管理的硬件设备和质量保证体系，能够完成药物研发、工艺设计和批量生产的全部环节。
　　龙泽制药坚持以人为本，重视人力资源的开发与管理，通过专业技能的培训与综合管理，帮助员工发挥个人特长，体现个人价值，实现企业与员工共同进步，共同成长，共同创造龙泽制药的美好未来。
地址：中国河北省国家生物医药产业园深泽园区
电话：0311-83571299-8026
EMAIL: jfla@lonzeal.com
网址：www.lonzeal.com</field>
</doc>
</add>
<add>
<doc>
<field name="url">http://search.51job.com/list/co,c,2440585,000000,10,1.html</field>
<field name="category">company</field>
<field name="kind">民营公司</field>
<field name="scale">150-500人</field>
<field name="name">益邦建设集团有限公司</field>
<field name="industry">房地产开发  建筑/建材/工程</field>
<field name="welfare">益邦建设集团有限公司        查看招聘中的职位</field>
<field name="description">益邦建设集团是集建筑工程、医药销售、医疗器械销售、进出口贸易及房地产开发于一体的多元化、综合性企业集团，总注册资金1.8亿元。下属公司有益邦建设集团有限公司、河北华宁医药有限公司、河北邦瑞医疗器械有限公司等。集团总部坐落于河北省省会石家庄市。
     益邦建设集团有限公司成立于2009年2月，注册资本1亿元，具有房屋建筑工程施工总承包二级资质，土石方工程、管道工程、装饰装修工程施工、防腐保温工程施工二级资质。公司已通过中质协质量、环境、职业健康安全三体系认证。公司承建的中石油管道局多项工程施工项目受到西气东输EPC总部和管道局的高度评价，获得广泛认可和赞誉。公司拥有各专业中、高级职称及专业技术人员200余人；挖掘机等建筑施工设备齐全。
    医药公司成立于2002年4月，凭借丰富的产品种类、忠诚精干的员工队伍、热情周到的客户服务，构建了成熟稳定的市场营销网络，业务范围遍布河北、北京、天津、山东、内蒙、山西等十几个省市。公司坚持"质量第一、关爱生命"的质量方针，于2003年率先通过国家食品药品监督管理局的GSP认证。
     集团以"兼济天下，关怀社会"的仁爱之心，积极投身于社会公益事业，多年来向灾区及贫困患儿捐款捐物数百万元，树立了良好的企业形象，赢得了社会各界一致好评！在企业发展的过程中，益邦人励精图治，连续多年被河北省工商行政管理局认定为"守合同重信用"单位。
     益邦建设集团遵循"以人为本，和谐发展"的经营理念，奉行"团结、和谐、严谨、诚信、创新"的核心价值观，致力于为客户、业主、员工和社会创造财富与价值，携手共进，共同发展！</field>
</doc>
</add>
<add>
<doc>
<field name="url">http://search.51job.com/list/co,c,2484988,000000,10,1.html</field>
<field name="category">company</field>
<field name="kind">民营公司</field>
<field name="scale">少于50人</field>
<field name="name">石家庄归园居手织布有限公司</field>
<field name="industry">服装/纺织/皮革  批发/零售</field>
<field name="welfare">石家庄归园居手织布有限公司        查看招聘中的职位</field>
<field name="description">石家庄归园居手织布有限公司成立于2009年，是石家庄市第一家从事天然纯棉手织布产品开发与销售的企业。公司以追求自然、环保、健康为产品研发目标，致力于天然、无污染的手织布产品开发。东晋田园诗人陶渊明在其代表作《归园田居》中有“羁鸟恋旧林，池鱼思故渊。开荒南野际，守拙归园田”的诗句，这是田园生活的真实写照，也是追求和谐自然的现代生活的至高意境。公司以“归园居”作为企业品牌和产品品牌，正是要倡导一种回归自然的生活方式和绿色、健康的消费理念。</field>
</doc>
</add>
<add>
<doc>
<field name="url">http://search.51job.com/list/co,c,2671434,000000,10,1.html</field>
<field name="category">company</field>
<field name="scale">50-150人</field>
<field name="name">河北金胜达秸秆综合利用开发有限公司</field>
<field name="addcode">050000</field>
<field name="industry">机械/设备/重工</field>
<field name="welfare">河北金胜达秸秆综合利用开发有限公司        查看招聘中的职位</field>
<field name="address">石家庄市鹿泉市铜冶工业园区</field>
<field name="description">河北金胜达秸秆综合利用开发有限公司专业从事秸秆综合利用和秸秆（牧草）压块饲料、生物质燃料的技术开发，成套制造各种型号的秸秆（生物质）压缩成型设备，注册商标为“金胜达”、“金晟达” 。公司聚集高等院校、科研单位等高技能人才和机械制造行业精英，不断改进提高设备功能及使用的可靠性，以尖端技术生产优质产品为依托，为客户提供完善的技术装备和生产技术指导服务。公司成立于2006年，注册资金1100万元，2012年公司在鹿泉市铜冶镇工业园区新建15000平米生产园区，现有员工150多人。
 公司是集设备制造、生产、服务、销售于一体的综合性企业，致力于农牧事业和生物质能源的开发和利用。先后被评为“质量过硬信誉良好消费者满意单位”“3.15重质量守信誉消费者满意诚信承诺单位”“全国农业机械购置补贴质量信得过产品”同时又是“中国可再生能源协会会员单位”。近年来，由于人类过多使用高碳能源，导致气候变化恶劣，”节能减排“势在必行，为了顺应市场的需求，公司在2010年开始着手致力于”合同能源管理“的项目，先后对石家庄多家燃煤企业进行锅炉改造，使其达到“0排放”无污染。公司在河北范围内建有多个成型燃料生产基地，为河北省范围之内的生物质锅炉改造工程做好了坚强的后盾，是及生物质成型燃料加工、销售、供应为一体综合性产业链，并运营生物质能源燃料代替传统燃煤形式，对工业锅炉、生活锅炉进行改造的整体运营模式（即合同能源管理）。
公司先后研制出了“环模式”、“平模式”“环平式”生物质致密成型设备（秸秆压块机），并申请多个专利。公司的主导产品已在全国范围内得到了广泛的推广和应用，自2008年以来设备不断出口埃塞俄比亚、韩国，日本等国家。得到了客户的一致好评。
公司本着诚实做人、成功做事以客户利益为基础，互利互赢共同发展的原则为新老客户服务，以先进的技术、优质的产品为重心，为节能减排、打造碧水蓝天工程为目标，实现生物质能源全产业链工程。欢迎新老客户光临。</field>
</doc>
</add>
<add>
<doc>
<field name="url">http://search.51job.com/list/co,c,2536548,000000,10,1.html</field>
<field name="category">company</field>
<field name="kind">民营公司</field>
<field name="scale">少于50人</field>
<field name="name">石家庄东方伟业医学仪器有限公司</field>
<field name="industry">医疗设备/器械</field>
<field name="welfare">石家庄东方伟业医学仪器有限公司        查看招聘中的职位</field>
<field name="description">石家庄东方伟业医学仪器有限公司是一家专业经营医学检验设备及相关配套试剂的专业性公司，是医疗领域内最具有潜力的知名企业，目前公司产品遍布河北省各级中小型医院，“客户至上、服务至上、产品至上”是我公司的经营方针，致力为全省客户和合作伙伴提供最优质高效的服务，为检验界提供一流的产品，经过多年的经营，在检验界享有极高的声誉。
我公司代理了多个国际知名厂家的产品，为客户提供来自世界最先进的产品和最周到满意的服务。
我公司提供的产品都是世界一流，并经过市场考验的成熟产品，并有专业、正规的队伍从事售后服务和技术支持。公司配备数名经过专业培训的工程师，随时为用户提供专业服务，从产品、技术支持到试剂供应各个方面都力争得到用户的满意。
以人为本、重视人才
    人才是企业发展的决定性因素，公司一贯坚持“以人为本”的理念。公司的发展是由全体员工共同努力的结果，我们珍惜每一个人的付出，尊重每个人的劳动，并为大家提供多种职业发展平台，让您的自我价值在公司得以充分发挥。
    我们重视员工的培训：根据岗位说明书指导加强培训，不断提高员工业务水平和综合素质，使之更符合岗位的需要,提高自我职业生涯。同时,持续引进各类高素质人才，不拘一格使用,给公司带来新鲜的血液，从而提高公司整体的管理、市场营销水平。
合作、发展、共赢
    发展是我们的目标，但发展离不开广泛的合作，我们欢迎每一位有意合作的伙伴加盟。我们将真诚地倾听、考虑您的意见及计划，且与您风雨同舟,携手实施，共享我们的成果。让您快乐、充实地与我们同行。
客户服务体系
    公司自成立之时,便以“客户即是上帝”的服务理念来要求客户服务部门工作。经过几年的发展和完善, 我们逐步探索出了一条行之有效的客户服务程序，建立了客户培训、技术支持、售后服务等一系列的客户服务制度。同时, 严格按照ISO9001：2000国际质量管理体系执行，真正地做到了: 对客户的要求2小时内响应，24小时内解决或提出合理解决方案。从客户角度出发, 想用户所想，急用户所急，切实解除广大用户的后顾之忧。而且通过多种渠道为客户提供更多的增值服务,建立了顾客满意度回访调查程序，随时了解客户的需求,改进我们的工作,为客户提供更加完善的服务。</field>
</doc>
</add>
<add>
<doc>
<field name="url">http://search.51job.com/list/co,c,3017101,000000,10,1.html</field>
<field name="category">company</field>
<field name="kind">民营公司</field>
<field name="scale">150-500人</field>
<field name="name">河北力成电气设备有限公司</field>
<field name="industry">电气/电力/水利</field>
<field name="welfare">河北力成电气设备有限公司        查看招聘中的职位</field>
<field name="description">河北力成电气设备有限公司是一家专业生产、销售各种电力安全工具的专业厂家，是集科研、开发、生产、销售及服务于一体的电力工具、电力安全工用具现代化企业，公司拥有17个生产部门，专业研究团队80余人，职工人数325人，企业占地500亩，是河北省最大的安全工器具专业生产厂家。经过近16年的顺势开展，不时扩展范围，坚持以科学的管理和严厉的检验制度，确保产品的精良。
     河北力成电气设备有限公司的全体员工以我公司坚持以质量求生存，以信誉求发展。公司自创建以来引进了一整套先进的生产及检测设备，并注重技术、人才的培养和创新。建立了一整套高效的质控管理体系和完善的产品销售服务网络。公司坚信质量是一种标准，质量是一种形象，质量是一种特色。
       本公司生产基地位于石家庄晋州，总部位于石家庄广安商业区，地理位置优越，环境好，交通便利， 福利待遇优厚，工作氛围好，只要你是一个善于学习、想挣高薪、想有一个美好未来的求职者，我公司必会给你一片自由翱翔的蓝天！</field>
</doc>
</add>
<add>
<doc>
<field name="url">http://search.51job.com/list/co,c,3286181,000000,10,1.html</field>
<field name="category">company</field>
<field name="kind">民营公司</field>
<field name="scale">少于50人</field>
<field name="name">石家庄金手指科技发展有限公司</field>
<field name="industry">计算机服务(系统、数据服务、维修)  计算机软件</field>
<field name="welfare">石家庄金手指科技发展有限公司        查看招聘中的职位</field>
<field name="description">公司简介
石家庄金手指科技发展有限公司是一家从事企业信息化系统服务的专业化公司，主要从事企业数据分析和数据整理相关工作，同时提供企业整体信息化的全面解决方案，致力于帮助客户管理升级，帮助企业提升竞争力为己任的商业理念，争做让客户最放心、最信任的信息化服务提供商；争创企业信息化服务的领导品牌。
服务领域涉及企业数据分分析、ERP软件产品的实施、客户化开发、移动应用，信息系统评估优化、IT服务外包和信息系统运营服务等。
公司从业人员均具有多年的信息化相关经验，倡导让员工“”的公司文化理念；鼓励创新、积极进取。
与您一路同行，做您最信任的朋友</field>
</doc>
</add>
<add>
<doc>
<field name="url">http://search.51job.com/list/co,c,3508599,000000,10,1.html</field>
<field name="category">company</field>
<field name="scale">50-150人</field>
<field name="name">石家庄杰淼电气设备有限公司</field>
<field name="industry">电气/电力/水利</field>
<field name="welfare">石家庄杰淼电气设备有限公司        查看招聘中的职位</field>
<field name="description">石家庄杰淼电气设备有限公司主要制造经营高低压配电柜，箱式变电站，jp柜，配电箱等电气设备配电柜箱体，壳体制造电气工程安装设计，调式及技术服务。</field>
</doc>
</add>
<add>
<doc>
<field name="url">http://search.51job.com/list/co,c,3333217,000000,10,1.html</field>
<field name="category">company</field>
<field name="kind">民营公司</field>
<field name="scale">50-150人</field>
<field name="name">石家庄庄展贸易有限公司</field>
<field name="addcode">050000</field>
<field name="industry">批发/零售  办公用品及设备</field>
<field name="welfare">石家庄庄展贸易有限公司        查看招聘中的职位</field>
<field name="address">长安区广安大街财富大厦A座1101室</field>
<field name="description">石家庄庄展贸易有限公司合作于加拿大DS-MAX跨国集团中国总公司------EVG广州长东实业有限公司。 长东实业有限公司(Eastern Venture Group Co. Ltd)是一家立足于国内面向世界的集开发、设计、内外销为一体的商贸企业，公司由加拿大籍华人JIMMY WONG先生带领，将国际先进的经营管理模式及营销系统成功地引用到企业中。
经过十多年的开拓与发展，目前公司旗下已拥有注册商标：EVG、IMAGE、SILKLITE等十几个品牌，涵盖裸眼3D技术等多家高科技下属公司；一百多家日用百货商贸加盟公司，相继获得国内专利成果达十余项之多。产品种类多样化，有服装，高科技电子，礼品，钟表，家庭用品等，市场占有率高，并且有很好的口碑。 公司已成功地建立了完备的组织结构系统，相继成立了财务部、法务部、稽查部、进出口业务部门及采购管理系统，物流管理系统和HUB系统。拥有一批专业的会计师等高级管理人才，公司为每位同仁提供了平等的机会和广阔的个人发展空间。
本公司重视人才培养，整合了一套有效的集市场与管理的综合人才培训系统，并将品格.诚信等美好的价值观根植于企业文化之中，培养出一批批德才兼备的实干管理精英；追求社会同仁和企业的最大成功，使同仁们承受祝福并成为祝福的管道。同时公司秉承“服务大众，造福社会”的经营理念，为客户提供良好产品品质，成为一个富有诚信的公司，并愿意为创造和谐社会做出努力。长东公司在中国发扬国外二十几年的成功经验，有效地运用简单的经营系统，综合中国的经营模式，将继续坚持自己的特色“发展经济，服务大众”，为更多有志之士提供发展机会，为社会创造财富。</field>
</doc>
</add>
<add>
<doc>
<field name="url">http://search.51job.com/list/co,c,3512527,000000,10,1.html</field>
<field name="category">company</field>
<field name="kind">民营公司</field>
<field name="scale">5000-10000人</field>
<field name="name">友众信业金融信息服务（上海）有限公司石家庄第一分公司</field>
<field name="addcode">050000</field>
<field name="industry">金融/投资/证券  信托/担保/拍卖/典当</field>
<field name="welfare">友众信业金融信息服务（上海）有限公司石家庄第一分公司        查看招聘中的职位</field>
<field name="address">桥东区大经街嘉鲤商务中心</field>
<field name="description">石家庄信贷公司聘销售，总部位于上海，工作地点：石家庄桥东区大经街嘉鲤商务中心。全国90多家分公司，待遇：底薪1200+提成+公司激励费，福利：五险一金+节假日双休+外出旅游，想挑战自己、挑战高薪的来吧，工作性质：寻求需求贷款的客户群，方法多样，方式简单，肯努力付出的你还在等什么？</field>
</doc>
</add>
<add>
<doc>
<field name="url">http://search.51job.com/list/co,c,299666,000000,10,1.html</field>
<field name="category">company</field>
<field name="kind">民营公司</field>
<field name="scale">5000-10000人</field>
<field name="name">深圳市赢家服饰有限公司</field>
<field name="industry">服装/纺织/皮革</field>
<field name="welfare">深圳市赢家服饰有限公司        查看招聘中的职位</field>
<field name="address">深圳市福田区泰然九路红松大厦B区四楼人力资源部收</field>
<field name="description">深圳市赢家服饰有限公司，创立于1994年底，是一家具有独特品牌文化理念、先进研发设计中心、现代化生产基地、健全营销服务系统、高效物流配送和网络管理体系的著名时尚服饰公司。公司拥有各类高素质员工近5000人，在深圳市福田区车公庙置有1.3 万平方米的现代化商务写字楼，在深圳市龙华新区大浪建有赢家大学及4 万平方米赢家工业园，在江西赣州新建有近20 万平方米现代化“赢家时装（赣州）制造基地”。近年来，赢家服饰一直处于良性发展中，年平均增长速度达35%以上。
    2006年，赢家服饰董事长陈灵梅女士首次在全国提出“花样盛年”文化理念，把“引领盛年女性时尚生活方式，为盛年女性缔造美好生活”作为企业使命。
    为满足中国盛年女性不同生活方式及多样化着装风格的需求，赢家服饰与欧洲知名设计师联手，分别创立、引进合作及引进代理了四个知名女装品牌：包括“自信相随”的NAERSI（娜尔思）品牌、“优雅高贵”的NAERSI GC （娜尔思金标）品牌、“独立自由”的NAERSILING（恩灵）品牌、“智慧独立”的NEXY.CO（奈蔻）品牌。这四个品牌各有定位和特色，适合风格各异的盛年女性出席不同场合穿着，满足她们不同的审美情趣。
赢家服饰为了更好地为员工排忧解难，成立了“赢家爱心基金”，同时肩负社会责任，关爱社会弱势群体，2012年经深圳市民间组织管理局批准，陈灵梅女士以个人名义发起成立了“深圳市花样盛年慈善基金会”。
    近年来，赢家公司和旗下品牌捷报频传，先后获得了“中国服装行业百强企业”、“全国女装行业六十强企业”、“中国纺织服装业信用AAA级单位”、“纳税百佳民营企业”、“深圳市和谐劳动关系先进企业”、“深圳市重点文化企业”以及“中国著名商标“、”广东著名商标“、”中国女性消费者熟悉/喜爱品牌“、“第三届深圳老字号”、“深圳市创新服装品牌奖”等荣誉称号。
赢家公司的企业愿景是：成为中国盛年服饰领域的标杆，让世界感受中国品牌的魅力。
人才理念：
人才 = 姿势×意识×行动能力×见识
姿势：认同企业文化，具备“利他”的价值观和高尚的职业道德。
意识：富有事业心、责任心、上进心、对工作生活充满热爱和激情，面对困难坚韧顽强。
行动能力：具体较强的实际工作能力，善于PDCA循环。
见识：把教育背景、工作经历等到升华为工作智慧。
我们为员工提供：
一、充满挑战的发展空间
赢家的职业生涯规划注重个人潜能的发挥、个人素质的提高、生活品质的改善和个人价值的实现，赢家在把员工视为公司发展真正的推动者的同时，更认为“员工生涯规划的实现是以个人的努力奋斗为基础的”，鼓励员工站在公司的角度考虑规划，将发展的动力内化给员工，促使员工无形中与公司共同成长。
二、富有竞争的薪酬待遇
薪资：公司为员工提供行业内有市场竞争力的薪资，并根据每年的市场薪酬水平变化和个人业绩表现情况对员工的工资进行年度薪酬规划，保证员工薪资在同行业中具有较高竞争力。对于公司需要的优秀人才，将提供更具吸引力的薪资。
业绩奖金： 除了固定工资之外，公司还会根据员工在该年度工作业绩表现及公司年度目标达成情况发放奖金以激励员工。
三、完善的福利制度
在中秋节、国庆节、春节等传统节日和员工生日、结婚，公司都会为每位员工发放礼金或精美礼品；
公司每年至少组织一次全体员工的旅游休假活动，以保证员工工作和生活的平衡；
为保证员工健康工作，公司每年都会组织员工进行全面体检；
公司上下班班车接送（工业园与写字楼往返）；
工作三年以上主管级员工享受公司购房、购车贷款。
四、健全稳定的社会保障
公司按照国家和各地相关规定入职即为员工缴纳养老、医疗、失业、工伤、生育等社会保险；
档案户口的协助解决，符合公司和深圳市相关入户规定的同事我们将协助办理深圳市户口。
五、素质技能的系统培训
新员工入职培训、企业内部培训、管理层SMT管理课程、岗位专业技能培训、出国考察等。
六、舒适优雅的环境氛围
花园式赢家工业园、全数码化写字楼、完备的宿舍、食堂等后勤服务。
有意者请将个人简历、近照、学历、身份证复印件、薪酬要求等个人资料传真、邮寄、EMAIL至本公司。邮寄请在信封正面注明应聘职位。
邮寄地址：深圳市福田区泰然九路红松大厦B区四楼人力资源部收
邮编：518048
联系电话：0755-88368836转8335、8332、8347、8266
传　　真：0755-88351717
邮　　箱：zhaopin@eeka.cn
乘车路线：
公交车：可乘坐204、104、209、338、328、113、222、324、54、328、301等路到招商银行大厦站或上沙站下车。
地铁：可乘坐地铁1号线至车公庙站C出口。</field>
</doc>
</add>
<add>
<doc>
<field name="url">http://search.51job.com/list/co,c,3036444,000000,10,1.html</field>
<field name="category">company</field>
<field name="kind">外资（欧美）</field>
<field name="scale">1000-5000人</field>
<field name="name">蒂森克虏伯电梯（中国）Thyssen Elevators Co., Ltd.</field>
<field name="industry">机械/设备/重工</field>
<field name="welfare">蒂森克虏伯电梯（中国）Thyssen Elevators Co., Ltd.        查看招聘中的职位</field>
<field name="description">蒂森克虏伯电梯  ThyssenKrupp Elevator
蒂森克虏伯电梯是世界最大的电梯公司之一，下属企业分布在全球900多个地点。公司拥有49,000名雇员，在截至2012/2013财政年度，公司销售额达到62亿欧元。蒂森克虏伯电梯象征着高品质、高性能、领先的技术和卓越的服务。产品包括客用及货用升降梯、自动扶梯、人行步道、平台升降机、旅客登机桥以及无障碍升降梯。无论您是身处摩天大厦、住宅楼、机场还是购物中心，无论您需要在水平或垂直空间内移动，蒂森克虏伯电梯都将带您快速、安全及舒适的在水平和垂直空间内穿梭。
蒂森克虏伯电梯由六大业务单元组成，其中四个业务单元主要集中于地区性电梯业务。包括中欧/东欧/北欧, 南欧/非洲/中东, 美洲和亚太。 其他则是全球性运作的产业业务单元，包括: 无障碍解决方案 （旅客登机桥，升降座椅，服务，无障碍升降平台及别墅梯）。
蒂森克虏伯电梯在中国  ThyssenKrupp Elevator in China
蒂森克虏伯电梯十分看好中国市场，早在1995年和1999年就分别在中国广东中山和上海松江成立了两家电梯和扶梯工厂，目前在中国有59家分公司，2家产品生产基地，和超过8000名专业的电梯从业人员，公司业务正呈不断扩张的趋势。2008年蒂森克虏伯电梯在上海松江成立了永久性培训基地——亚太培训中心，致力于为公司全体员工提供系统化的培训。</field>
</doc>
</add>
<add>
<doc>
<field name="url">http://search.51job.com/list/co,c,3421401,000000,10,1.html</field>
<field name="category">company</field>
<field name="kind">民营公司</field>
<field name="scale">500-1000人</field>
<field name="name">石家庄天源冷暖技术开发有限公司</field>
<field name="industry">电气/电力/水利  建筑/建材/工程</field>
<field name="welfare">石家庄天源冷暖技术开发有限公司        查看招聘中的职位</field>
<field name="description">石家庄天源冷暖技术开发有限公司是一家集科研、开发、制造、销售、安装、维护、服务、工程设计、工程预算于一体的技术密集型企业，有机电设备安装工程专业承包贰级资质，专业从事中央空调安装、制冷暖通及空气净化设备与系统的开发研究，具有雄厚的技术实力和极强的行业优势。
我公司可为用户提供国内外最先进的中央空调安装/制冷暖通设备，对不同品牌的活塞式、螺杆式、溴化锂式、离心式、涡旋式制冷压缩机和不同形式的锅炉都有娴熟的设计、安装、操作、养护和维修技能。
我公司可承接各种中央空调和冷库系统的方案设计/修改/优化以及安装/改造/养护/维修/代管等技术服务，承接各种生产工艺中的无菌风处理技术服务，可为用户策划设计最佳的系统解决方案，排除各种意想不到的技术难题，保证用户在建设和使用过程中最经济最节能。公司拥有自己的专业施工队伍和先进的工装设备，可高效完成各种规模的安装施工任务，并为用户提供长期的售后服务。
天源公司独立开发的水源和风源热泵型冷暖两用机组在中央空调、暖通、余热回收以及地温地热资源开发利用系统工程中得到了广泛应用，产品的节能减排和环保性能得以充分验证，创造了显著的社会效益和经济效益。</field>
</doc>
</add>
<add>
<doc>
<field name="url">http://search.51job.com/list/co,c,2381155,000000,10,1.html</field>
<field name="category">company</field>
<field name="kind">民营公司</field>
<field name="scale">5000-10000人</field>
<field name="name">美团网</field>
<field name="industry">互联网/电子商务  计算机软件</field>
<field name="welfare">美团网        查看招聘中的职位</field>
<field name="description">美团网（www.meituan.com）是北京三快科技公司推出的一个全新的本地服务电子商务网站，每天为大家提供精品团购服务。  2013年美团网的交易额已经达到160亿，牢牢占据行业第一位！
我们是一群怀揣着一点点梦想的年轻人；
我们是互联网的忠实信徒，
相信世界正在因互联网而改变；
我们崇信技术的力量；
我们倾向于组建小而精悍的团队；
我们喜欢快速反应的工作节奏；
我们挚爱正在从事的工作，
那是我们相当一部分的乐趣所在；
我们热爱我们的用户，
对用户的喜怒哀乐感同身受；
我们曾经打造出校内网、饭否网等优秀的互联网产品；
我们经历过巨大的挫折和失败，
但从未有放弃！
现在，美团网的事业正在迅猛发展，我们正在开启本地服务电子商务的新篇章，诚邀优秀人士和我们一起努力打拼，实现自我成就，并享受成功带来的财富和快乐！
在美团，你能获得前所未有的机会和挑战。我们尊重每个人的独特个性，致力于打造一个高度合作、沟通无碍的快速反应团队。如果你有个性、有热情、有见解又超级有趣，欢迎你来这里，因为在这里你能找到同类。</field>
</doc>
</add>
<add>
<doc>
<field name="url">http://search.51job.com/list/co,c,2454994,000000,10,1.html</field>
<field name="category">company</field>
<field name="kind">国企</field>
<field name="scale">150-500人</field>
<field name="name">中信银行信用卡中心石家庄营销服务中心</field>
<field name="industry">金融/投资/证券</field>
<field name="welfare">中信银行信用卡中心石家庄营销服务中心        查看招聘中的职位</field>
<field name="description">中信银行信用卡中心，是中信银行总行在深圳设立的对信用卡业务进行集中操作、独立核算、公司化和专业化管理的专营机构。作为国内信用卡行业中最快实现盈利的卡中心，中信卡中心2003年末正式发卡至今，累计发卡1000万张，其中中信白金卡发卡量更位居全国同行业前列。伴随着全国30家营销服务中心的逐步壮大，中信卡中心正带领着一支6000余人、充满激情与朝气的年轻团队，朝着“世界级卡中心”的目标奋进。
中信银行信用卡中心深谙优秀人才是信用卡行业的核心竞争力所在，为此，我们借鉴国内外优秀企业经验，建立了市场化的用人机制和激励机制，为优秀人才提供有竞争力的薪酬和良好的职业发展空间；旨在为股东创造价值的同时，实现员工和社会价值的有机统一。
荣誉榜
2003年，中信STAR威士信用卡荣获威士国际组织授予的“杰出产品设计奖”；2004年荣获 “最佳白金卡奖”。
2005年11月，中信魔力信用卡和中信STAR白金卡荣获威士国际组织和万事达卡国际组织授予的“2005年度最佳女性信用卡营销奖”和“2005年度最佳白金卡营销奖”。
2006年11月，中信网通联名信用卡获得威士国际组织授予的“最具创新科技信用卡奖”。
2006年12月，中信V卡联名信用卡获得中国银联授予的“行业联盟卓越产品设计奖”。
2007年1月，中信信用卡荣获由和讯网主办的“第二期中国信用卡测评”中获得综合排名第二，卡务排名第一。
2007年3月，中信魔力信用卡获得“最受持卡人喜爱的女性信用卡奖”；“国航知音”中信信用卡获得“最受持卡人喜爱的航空类型信用卡奖”。
2007年12月，中信美国运通信用卡在“2007年首届中国最佳理财产品评选”中脱颖而出，荣获“2007年中国最具理财价值的信用卡”称号。
2008年9月，中信信用卡客服中心荣获全球呼叫中心领域规模最大的年度性学术会议——年度呼叫中心展会ACCE（Annual Call Center Exhibition）授予的“全球最佳呼叫中心”荣誉称号。
2008年11月，中信银行信用卡在由和讯网主办的银行卡发展与营销论坛暨中国信用卡测评发布会上荣获“最佳发卡银行奖”、“白金卡奖”、“金卡奖”三项大奖。
2009年5月，中信美国运通信用卡荣获美国运通颁发的“2008年美国运通全球网络发卡行服务品质荣誉奖”。
2009年6月，中信魔力信用卡荣获品牌中国产业联盟颁发的“2009最受女性喜爱信用卡品牌”。
2009年8月，中信白金信用卡在《经济观察报》举办的“2008年度中国最佳银行评选” 中荣获“2008年度最佳白金卡”奖。中信艺龙旅行信用卡荣获VISA国际组织颁发的“最佳商旅信用卡”。
2009年11月，中信银行信用卡中心荣获由全球呼叫中心领域年度性学术会议ACCE授予的“2009亚太最佳呼叫中心”，并连续三年荣获由国家级呼叫中心行业协会CNCCA授予的“最佳呼叫中心”。</field>
</doc>
</add>
<add>
<doc>
<field name="url">http://search.51job.com/list/co,c,3457527,000000,10,1.html</field>
<field name="category">company</field>
<field name="kind">民营公司</field>
<field name="scale">500-1000人</field>
<field name="name">力恒生态（天津）商贸有限公司</field>
<field name="industry">快速消费品(食品、饮料、化妆品)</field>
<field name="welfare">力恒生态（天津）商贸有限公司        查看招聘中的职位</field>
<field name="description">公司介绍
 力恒生态公司成立于2014年5月25日，是由力恒财富（天津）投资管理有限公司与天津泰达投资控股有限公司联合参股投资创建的专注绿色生态产品开发、生产、销售的全产业链综合型企业。公司主营业务涵盖高端生态水、有机生态农产品、生态旅游等多个领域，打造以“健康生活”为先导的绿色生态产业链，力求将健康理念及绿色产品深入推广、全面普及，从根源处改善国民的生活质量。
公司水源地位于天津市宁河县与河北省丰润区交界处燕山山脉麓，为地下560米-840米奥陶系岩溶承压水，水源自然过滤时间为70年，由于长期与地下岩层接触，水中含有多种有益人体健康的矿物质和微量元素，是我国大型、优质的水源地。水源地的优质天然矿泉水各项指标均优于《饮用天然矿泉水》（GB 8537-2008）、属于弱碱性偏硅酸富锶复合型优质天然矿泉水，其水质非常适合直饮或灌装生产的需要。
为有效保护优质地下水源，从06年起开始筹备建立半径1.5公里（面积约1万亩）的地下水源地二级保护区，发展有机循环农业、改善环境、保护水资源，形成人与自然和谐并存的生态环境。
目公司目前主要产品有：高品质矿泉水（袋装水、瓶装水、小分子水），绿色生态农产品，绿色农业旅游等。2015年我们初步选定15个核心区域建设公司分公司及办事处。其中华北区域：北京、天津、石家庄、太原、青岛、济南；华东区域：上海、南京、合肥、宁波、杭州、无锡；华中区域：武汉、郑州；东北区域：沈阳；以此15个核心城市辐射华北、华东、华中、东北四大区域，并通过经销商网络在全国各渠道及终端进行产品销售。完成品牌的宣传推广及2015年的销售业绩。
“人才之难万冀一，一士其重九鼎轻”， 人才是企业发展的根本，是推动企业发展的第一生产要素。力恒生态重视人才，重视团队建设，我们诚邀社会各界精英加入我们的团队，共创伟业，我们将为您提供良好的职业发展空间和富有市场竞争力的薪酬待遇。</field>
</doc>
</add>
<add>
<doc>
<field name="url">http://search.51job.com/list/co,c,2861,000000,10,1.html</field>
<field name="category">company</field>
<field name="kind">民营公司</field>
<field name="scale">1000-5000人</field>
<field name="name">广东雅倩化妆品有限公司</field>
<field name="addcode">510630</field>
<field name="industry">快速消费品(食品、饮料、化妆品)</field>
<field name="welfare">广东雅倩化妆品有限公司        查看招聘中的职位</field>
<field name="address">广州市天河北路689号光大银行大厦28楼</field>
<field name="description">广东雅倩化妆品有限公司为国内大型知名化妆品企业，产品涵括美发、护发、美容护肤及个人用品等多个领域。现已拥有雅倩缤丽、佳雪、玉丽、清逸、名兰五大知名品牌，产品覆盖全国34个省、市、自治区，市场份额一直稳居同行业品牌前列。
 
雅倩平等、和谐、以人为本的工作氛围和环境，公正、严明、科学实效的激励和晋升机制，系统、完善、规范的培训和福利体系，充分给予员工不断成长的机会和发展的空间。
雅倩的人才理念：德比才重要，心态比能力重要，素质比经验重要。
雅倩人信奉“勤奋第一，聪明第二；速度第一，完美第二”的执行方针。
2013年，诚邀与雅倩有着共同理念的日化精英加入雅倩优秀团队，共创精彩明天！
更多招聘职位请登陆公司网站或前程无忧网站。
凡符合公司要求被我司聘用的人员一经录用，我司将提供良好的培训及发展机会，有意者请通过邮寄、E-mail奉上您的个人简历、薪金要求、联系地址、学历证明及身份证复印件，邮寄者请在信封正面注明应聘职位，E-mail则请用应聘职位为主题，请勿以附件形式发送。所有来件保密，恕不退还，谢绝来访。
E-mail:zhaopin@arche.com.cn</field>
</doc>
</add>
<add>
<doc>
<field name="url">http://search.51job.com/list/co,c,3431502,000000,10,1.html</field>
<field name="category">company</field>
<field name="kind">民营公司</field>
<field name="scale">50-150人</field>
<field name="name">河北德冠贸易有限公司</field>
<field name="industry">金融/投资/证券</field>
<field name="welfare">河北德冠贸易有限公司        查看招聘中的职位</field>
<field name="description">河北德冠贸易有限公司是天津贵金属交易所120号会员华盛金道石家庄分公司，华盛金道贵金属经营有限公司是天津贵金属交易所综合类会员单位，全天候24小时专业从事贵金属（主要为黄金、白银）标准性投资品种的销售与回购业务，提供贵金属投资咨询服务；同时经营贵金属及其它镶嵌类工艺品、首饰品业务。
    华盛金道汇聚贵金属投资领域、贵金属工艺首饰品生产流通领域知名专家、商贾名流，与业内主要机构建立了长期合作关系。华盛金道除了专业推广天津贵金属交易所规定业务之外，公司同时将推出贵金属及其衍生工艺首饰品加工生产、批发零售服务。为黄金等贵金属投资者提供了便捷的业务通道、标准投资性产品买卖、工艺首饰品渠道建设、专业的信息咨询等一条龙服务模式。
    促进公司的发展，现面向广大应聘者提供实习，就业岗位。不管你是刚刚走出校园的大学生，还是在社会上打拼多年的奋斗者，只要你还有激情有梦想，敢想敢做，公司将为你提供一个施展才华，成就梦想的舞台。</field>
</doc>
</add>
<add>
<doc>
<field name="url">http://search.51job.com/list/co,c,3512056,000000,10,1.html</field>
<field name="category">company</field>
<field name="kind">民营公司</field>
<field name="scale">少于50人</field>
<field name="name">石家庄瑞农农业科技有限公司</field>
<field name="industry">金融/投资/证券</field>
<field name="welfare">石家庄瑞农农业科技有限公司        查看招聘中的职位</field>
<field name="description">公司以代理农产品电子现货市场为主，致力于为客户朋友提供互利共赢的交易平台。公司本着政策更优惠，高返佣，技术  更精湛的拓展优势，广纳行业精英为您搭建更便利的发展平台，欢迎志向高远，愿个人创业发展的朋友积极加入！
    现公司为广大应聘者提供实习，就业岗位。不管你是刚刚走出校园的大学生，还是在社会上打拼多年的奋斗者，只要你还有理想，有抱负，敢想敢做，愿成为人们心中的精英人物，公司将为你提供一个施展才华，成就梦想的舞台。</field>
</doc>
</add>
<add>
<doc>
<field name="url">http://search.51job.com/list/co,c,3218050,000000,10,1.html</field>
<field name="category">company</field>
<field name="kind">民营公司</field>
<field name="scale">1000-5000人</field>
<field name="name">随行付支付有限公司（河北办）</field>
<field name="industry">互联网/电子商务</field>
<field name="welfare">随行付支付有限公司（河北办）        查看招聘中的职位</field>
<field name="description">2011年，随行付支付有限公司，成立于北京。
我们是一支朝气蓬勃的团队。员工平均年龄25岁，在一群80后、90后的创造下，我们已成立24个省级分公司，合作机构遍布全国200多个城市。我们在政策层面和市场层面都得到了充分的认可，至今，我们已取得人民银行颁发的全国银行卡收单牌照、互联网支付牌照、移动电话支付牌照，并被评为“全国最受客户信赖第三方支付品牌”。
我们是一支不断超越的团队。我们在两年的时间内，交易规模进入POS收单机构前四强。我们拥有资深电子商务、金融、移动互联网、电信增值行业专家管理团队，以及独立的业务产品设计中心以及行业内出色的技术开发管理人员。我们采用国际化管理方式运营，在产品开发、技术创新、市场开拓、企业管理和资本运作方面具有丰富的经验。
我们是一支勇于创新的团队。我们独创了POS端的会生活营销与收单系统无缝对接的服务模式，服务于包括餐饮、休闲、零售、服装、百货、保险、教育等30多个行业。截止至2014年4月，我们为全国近40万家商家提供优质的服务，我们的日交易流水已超过20亿。
我们是一支简单快乐的团队。在这里，你可以找到志同道合的朋友，加入丰富多彩的社团、参加激情洋溢的公司活动、享受无后顾之忧的补充医疗，甚至可以申请北京“绿卡”……
如果您有梦想、不空谈；如果您有激情、不矫情；如果您有能力、不懒惰。请加入我们，和我们一起成长于金融这个“高大上”的行业！
随行付是高阳科技（中国）有限公司（股票代码：HK0818）的关联公司。
高阳集团总部位于香港，在北京、上海、深圳、杭州设有分支机构，业务主要分布在中国大陆及港澳台地区。业务涉及金融、电信、电力等行业，拥有员工超过一千五百人，年产值近二十亿元人民币。高阳集团拥有众多国内外一流的金融、电信业务专家和技术专家，擅长于将国际经验付诸于本土实践，根据客户的实际需求提供符合其发展目标的规划和建议，帮助他们不断发展并实现其战略目标。
我们的人才观：态度第一、方法第二、经验第三；
我们的经营理念：
1、以人为本，提供挑战及学习的环境，发挥员工潜力使公司整体能力不断成长；
2、经由创新及团队合作，提供客户最有竞争力的产品和服务；
3、以国际性的视野，运筹全球资源，追求所在产业的领导地位。
我们能为您提供：
1、平等、轻松的伙伴式工作氛围，享受与技术、产品、设计等领域顶尖人才共同创业成长的快意；
2、6000平方米的办公区域，为您提供休闲、娱乐、健身设施；
3、有竞争力的薪酬福利、完善的社会保险及补充医疗、住房公积金；
4、以团队为单位，提供社团及团队建设经费；
5、每年提供年度旅游、健康体检等；
6、定期组织文体活动（羽毛球、篮球、足球、台球等）；
7、提供完善的休假制度。</field>
</doc>
</add>
<add>
<doc>
<field name="url">http://search.51job.com/list/co,c,2545816,000000,10,1.html</field>
<field name="category">company</field>
<field name="kind">民营公司</field>
<field name="scale">少于50人</field>
<field name="name">石家庄美旭商贸有限公司</field>
<field name="industry">快速消费品(食品、饮料、化妆品)</field>
<field name="welfare">石家庄美旭商贸有限公司        查看招聘中的职位</field>
<field name="description">本公司是石家庄市经营橄榄油最早的经销商，是目前规模较大的进口食品经销商，经营100多品牌1000多商品，是北人集团进口食品供货商，同时渠道覆盖保定、邢台、阳泉等地，同时拥有自营的进口食品专卖店，随着公司发展，渠道的扩展，诚邀更多的有识之士加入我们的团队，我公司将提供你个人发展的广阔空间。</field>
</doc>
</add>
<add>
<doc>
<field name="url">http://search.51job.com/list/co,c,3512411,000000,10,1.html</field>
<field name="category">company</field>
<field name="kind">民营公司</field>
<field name="scale">50-150人</field>
<field name="name">河北远江仪器仪表科技有限公司</field>
<field name="industry">仪器仪表/工业自动化</field>
<field name="welfare">河北远江仪器仪表科技有限公司        查看招聘中的职位</field>
<field name="description">河北远江仪器仪表科技有限公司是一家集设计、研发、生产、销售、及售后服务于一体的专业化的仪器仪表生产企业;河北远江仪器仪表科技有限公司坐落在石家庄市南二环外的工业园区内；这里交通便利，公司秉承产品质量是企业的生命；售后服务是企业的灵魂的理念；为广大客户提供优质的产品和良好的服务.
  公司主要生产智能冷水水表、热水水表、机械式热量表、超声波热量表等仪器仪表。我公司资质齐全，如生产许可证、质量管理体系认证、以及各项实验报告。公司凝聚了一大批精通专业技术和管理的优秀人才,并引进现代化的生产管理模式和经营理念；同时在发展中不断引进国际先进的生产工艺和生产设备。在生产管理上精益求精；确保每件产品的出厂合格率达到100%。在不断变化的市场竞争中，我们不断地开发新产品以适应应市场的需求。
  希望能给客户带来方便、简洁、满意的、真诚的、高质量的服务。
  愿我们携起手来共同创造更美好的和谐社会。</field>
</doc>
</add>
<add>
<doc>
<field name="url">http://search.51job.com/list/co,c,2625065,000000,10,1.html</field>
<field name="category">company</field>
<field name="kind">民营公司</field>
<field name="scale">少于50人</field>
<field name="name">石家庄华东医疗科技有限公司</field>
<field name="industry">医疗设备/器械  电子技术/半导体/集成电路</field>
<field name="welfare">石家庄华东医疗科技有限公司        查看招聘中的职位</field>
<field name="description">公司名称：石家庄华东医疗科技有限公司
公司简介：石家庄华东医疗科技有限公司，成立于2000年，是一家专业从事医疗影像设备产品的研发、生产、销售、技术服务于一体的高新技术企业。
我公司位于河北石家庄市高新技术产业区，公司凭借多年来对医学影像领域的技术经验和市场了解，专注于数字医学影像产品各相关系统软件的技术探索、产品研发和生产制造。目前销售的产品有国产及进口X光机、遥控胃肠机、C型臂、CR、DR、CT、MRI、彩超、医用相机等医学影像设备。公司不断追求专业化管理和经营，坚持以科技创新为核心动力，以人性化，制度化，精英化的理念不断提高公司服务水平。
公司秉承“诚信服务，合法经营，优质高效，客户至上”的经营理念，竭诚为广大客户提供优质，周到，完美的服务。

联系方式：张曼      13383215350
工作地点：石家庄高新区方亿科技工业园A区2号楼1层</field>
</doc>
</add>
